-------------------------------------------------------------------------------
Test set: com.cheq.demo_webshop.testrunner.TestRunner
-------------------------------------------------------------------------------
Tests run: 4, Failures: 1, Errors: 0, Skipped: 0, Time elapsed: 45.542 s <<< FAILURE! - in com.cheq.demo_webshop.testrunner.TestRunner
API uptime check for calculator site.Site returns HTTP 400 on GET /  Time elapsed: 0.555 s  <<< FAILURE!
java.lang.AssertionError: Unexpected status code. expected:<400> but was:<200>

