<?xml version="1.0" encoding="UTF-8"?>
<testsuite xmlns:xsi="http://www.w3.org/2001/XMLSchema-instance" xsi:noNamespaceSchemaLocation="https://maven.apache.org/surefire/maven-surefire-plugin/xsd/surefire-test-report-3.0.xsd" version="3.0" name="com.cheq.demo_webshop.testrunner.TestRunner" time="45.542" tests="4" errors="0" skipped="0" failures="1">
  <properties>
[...]
</properties>
  <testcase name="User can be added successfully via API" classname="Add User API" time="4.02">
    <system-out><![CDATA[
@api @regression @addUser
Scenario: User can be added successfully via API          # src/test/resources/feature/api/add_user_api.feature:4
  Given User prepares a valid add user request payload    # com.cheq.demo_webshop.stepdefinitions.api.AddUserApiSteps.userPreparesAValidAddUserRequestPayload()
  When User sends the add user API request                # com.cheq.demo_webshop.stepdefinitions.api.AddUserApiSteps.userSendsTheAddUserApiRequest()
  Then API response status code should be 201             # com.cheq.demo_webshop.stepdefinitions.api.CommonApiSteps.apiResponseStatusCodeShouldBe(java.lang.Integer)
  And API response should contain an authentication token # com.cheq.demo_webshop.stepdefinitions.api.AddUserApiSteps.apiResponseShouldContainAnAuthenticationToken()
]]></system-out>
  </testcase>
  <testcase name="User can log in successfully via API" classname="Login User API" time="2.468">
    <system-out><![CDATA[
@api @regression @loginUser
Scenario: User can log in successfully via API                   # src/test/resources/feature/api/login_user_api.feature:4
  Given User has valid credentials for login API                 # com.cheq.demo_webshop.stepdefinitions.api.LoginUserSteps.userHasValidCredentialsForLoginApi()
  When User sends the login user API request                     # com.cheq.demo_webshop.stepdefinitions.api.LoginUserSteps.userSendsTheLoginUserApiRequest()
  Then API response status code should be 200                    # com.cheq.demo_webshop.stepdefinitions.api.CommonApiSteps.apiResponseStatusCodeShouldBe(java.lang.Integer)
  And Login API response should contain the correct user details # com.cheq.demo_webshop.stepdefinitions.api.LoginUserSteps.loginApiResponseShouldContainTheCorrectUserDetails()
  And Login API response should contain an authentication token  # com.cheq.demo_webshop.stepdefinitions.api.LoginUserSteps.loginApiResponseShouldContainAnAuthenticationToken()
]]></system-out>
  </testcase>
  <testcase name="Site returns HTTP 400 on GET /" classname="API uptime check for calculator site" time="0.555">
    <failure type="java.lang.AssertionError"><![CDATA[java.lang.AssertionError: Unexpected status code. expected:<400> but was:<200>
]]></failure>
    <system-out><![CDATA[
@api @regression @cicd
Scenario: Site returns HTTP 400 on GET /    # src/test/resources/feature/ui/cicd/api_test.feature:3
  Given I have the calculator base URL      # com.cheq.demo_webshop.stepdefinitions.ui.cicd.ApiSteps.baseUrl()
  When I send a GET request to the base URL # com.cheq.demo_webshop.stepdefinitions.ui.cicd.ApiSteps.get()
  Then the response status should be 400    # com.cheq.demo_webshop.stepdefinitions.ui.cicd.ApiSteps.verify(java.lang.Integer)
      java.lang.AssertionError: Unexpected status code. expected:<400> but was:<200>
	at org.junit.Assert.fail(Assert.java:89)
	at org.junit.Assert.failNotEquals(Assert.java:835)
	at org.junit.Assert.assertEquals(Assert.java:647)
	at com.cheq.demo_webshop.utils.api.ResponseValidator.validateStatusCode(ResponseValidator.java:12)
	at com.cheq.demo_webshop.stepdefinitions.ui.cicd.ApiSteps.verify(ApiSteps.java:40)
	at ✽.the response status should be 400(file:///C:/Users/JunnelLMiguel/eclipse-workspace-appium-cucumber/AppiumCucumber/src/test/resources/feature/ui/cicd/api_test.feature:6)

]]></system-out>
  </testcase>
  <testcase name="Calculator elements should be visible" classname="Check UI Elements visibility" time="38.148">
    <system-out><![CDATA[
@ui @regression @cicd
Scenario: Calculator elements should be visible # src/test/resources/feature/ui/cicd/ui_test.feature:3
  Given User is in the calculator page          # com.cheq.demo_webshop.stepdefinitions.ui.cicd.UiSteps.checkPage()
  Then User should see the calculator elements  # com.cheq.demo_webshop.stepdefinitions.ui.cicd.UiSteps.verify()
]]></system-out>
  </testcase>
</testsuite>